<?xml version="1.0" encoding="UTF-8"?>
<!-- Generated by org.testng.reporters.JUnitReportReporter -->
<testsuite hostname="DML-BWK0GL3" failures="0" tests="3" name="Test.Day3" time="0.003" errors="0" timestamp="2022-11-15T16:57:43 CST" skipped="0">
  <testcase classname="Test.Day3" name="mobileLogin" time="0.001"/>
  <system-out/>
  <testcase classname="Test.Day3" name="webLogin" time="0.001"/>
  <system-out/>
  <testcase classname="Test.Day3" name="apiLogin" time="0.001"/>
  <system-out/>
</testsuite> <!-- Test.Day3 -->
